Added Component: Designator=C3(0603P)
Add component. Clean all parameters for all variants
Added Component: Designator=C4(0603P)
Add component. Clean all parameters for all variants
Added Component: Designator=C5(0603P)
Add component. Clean all parameters for all variants
Added Component: Designator=C6(0603P)
Add component. Clean all parameters for all variants
Added Component: Designator=C7(0603P)
Add component. Clean all parameters for all variants
Added Component: Designator=C8(0603P)
Add component. Clean all parameters for all variants
Added Component: Designator=C9(0603P)
Add component. Clean all parameters for all variants
Added Component: Designator=C10(0603P)
Add component. Clean all parameters for all variants
Added Component: Designator=C11(0603P)
Add component. Clean all parameters for all variants
Added Component: Designator=C12(0603P)
Add component. Clean all parameters for all variants
Added Component: Designator=C13(0603P)
Add component. Clean all parameters for all variants
Added Component: Designator=C14(0603P)
Add component. Clean all parameters for all variants
Added Component: Designator=R4(0603P)
Add component. Clean all parameters for all variants
Added Component: Designator=Y1(XTAL_US)
Add component. Clean all parameters for all variants
Add component (AddParameter): Name = "LatestRevisionDate"; Value = "17-Jul-2002"; VariantName = "[No Variations]"
Add component (AddParameter): Name = "LatestRevisionNote"; Value = "Re-released for DXP Platform."; VariantName = "[No Variations]"
Add component (AddParameter): Name = "Published"; Value = "8-Jun-2000"; VariantName = "[No Variations]"
Add component (AddParameter): Name = "Publisher"; Value = "Altium Limited"; VariantName = "[No Variations]"
Added Component: Designator=Y2(XTAL_US)
Add component. Clean all parameters for all variants
Add component (AddParameter): Name = "LatestRevisionDate"; Value = "17-Jul-2002"; VariantName = "[No Variations]"
Add component (AddParameter): Name = "LatestRevisionNote"; Value = "Re-released for DXP Platform."; VariantName = "[No Variations]"
Add component (AddParameter): Name = "Published"; Value = "8-Jun-2000"; VariantName = "[No Variations]"
Add component (AddParameter): Name = "Publisher"; Value = "Altium Limited"; VariantName = "[No Variations]"
Added Pin To Net: NetName=GND Pin=C3-1
Added Pin To Net: NetName=GND Pin=C4-1
Added Pin To Net: NetName=GND Pin=C5-1
Added Pin To Net: NetName=GND Pin=C6-1
Added Pin To Net: NetName=GND Pin=C7-1
Added Pin To Net: NetName=GND Pin=C8-1
Added Pin To Net: NetName=GND Pin=C9-2
Added Pin To Net: NetName=GND Pin=C10-2
Added Pin To Net: NetName=GND Pin=C11-1
Added Pin To Net: NetName=GND Pin=C12-1
Added Pin To Net: NetName=GND Pin=C13-1
Added Pin To Net: NetName=GND Pin=C14-1
Added Pin To Net: NetName=NetC9_1 Pin=C9-1
Added Pin To Net: NetName=NetC9_1 Pin=R4-2
Added Pin To Net: NetName=NetC9_1 Pin=U1-13
Added Pin To Net: NetName=NetC9_1 Pin=Y1-2
Added Net: Name=NetC9_1
Added Pin To Net: NetName=NetC10_1 Pin=C10-1
Added Pin To Net: NetName=NetC10_1 Pin=R4-1
Added Pin To Net: NetName=NetC10_1 Pin=U1-12
Added Pin To Net: NetName=NetC10_1 Pin=Y1-1
Added Net: Name=NetC10_1
Added Pin To Net: NetName=NetC11_2 Pin=C11-2
Added Pin To Net: NetName=NetC11_2 Pin=U1-73
Added Net: Name=NetC11_2
Added Pin To Net: NetName=NetC12_2 Pin=C12-2
Added Pin To Net: NetName=NetC12_2 Pin=U1-49
Added Net: Name=NetC12_2
Added Pin To Net: NetName=NetC13_2 Pin=C13-2
Added Pin To Net: NetName=NetC13_2 Pin=U1-9
Added Pin To Net: NetName=NetC13_2 Pin=Y2-1
Added Net: Name=NetC13_2
Added Pin To Net: NetName=NetC14_2 Pin=C14-2
Added Pin To Net: NetName=NetC14_2 Pin=U1-8
Added Pin To Net: NetName=NetC14_2 Pin=Y2-2
Added Net: Name=NetC14_2
Added Pin To Net: NetName=VCC Pin=C3-2
Added Pin To Net: NetName=VCC Pin=C4-2
Added Pin To Net: NetName=VCC Pin=C5-2
Added Pin To Net: NetName=VCC Pin=C6-2
Added Pin To Net: NetName=VCC Pin=C7-2
Added Pin To Net: NetName=VCC Pin=C8-2
Added Net: Name=VCC
Added Member To Class: ClassName=STMF4VE Member=Component C3 106
Added Member To Class: ClassName=STMF4VE Member=Component C4 104
Added Member To Class: ClassName=STMF4VE Member=Component C5 104
Added Member To Class: ClassName=STMF4VE Member=Component C6 104
Added Member To Class: ClassName=STMF4VE Member=Component C7 104
Added Member To Class: ClassName=STMF4VE Member=Component C8 104
Added Member To Class: ClassName=STMF4VE Member=Component C9 22P
Added Member To Class: ClassName=STMF4VE Member=Component C10 22P
Added Member To Class: ClassName=STMF4VE Member=Component C11 106
Added Member To Class: ClassName=STMF4VE Member=Component C12 106
Added Member To Class: ClassName=STMF4VE Member=Component C13 12P
Added Member To Class: ClassName=STMF4VE Member=Component C14 12P
Added Member To Class: ClassName=STMF4VE Member=Component R4 1M
Added Member To Class: ClassName=STMF4VE Member=Component Y1 8MHz
Added Member To Class: ClassName=STMF4VE Member=Component Y2 32.768KHz
