Removed Pin From Net: NetName=VCC Pin=USB_SLAVE-1
Added Component: Designator=C19(0603P)
Add component. Clean all parameters for all variants
Added Component: Designator=C20(CC6.56.5)
Add component. Clean all parameters for all variants
Added Component: Designator=C21(0603P)
Add component. Clean all parameters for all variants
Added Component: Designator=DS1(SMDLED)
Add component. Clean all parameters for all variants
Add component (AddParameter): Name = "LatestRevisionDate"; Value = "17-Jul-2002"; VariantName = "[No Variations]"
Add component (AddParameter): Name = "LatestRevisionNote"; Value = "Re-released for DXP Platform."; VariantName = "[No Variations]"
Add component (AddParameter): Name = "PackageDocument"; Value = "Feb-2002"; VariantName = "[No Variations]"
Add component (AddParameter): Name = "PackageReference"; Value = "3.2X1.6X1.1"; VariantName = "[No Variations]"
Add component (AddParameter): Name = "Published"; Value = "8-Jun-2000"; VariantName = "[No Variations]"
Add component (AddParameter): Name = "Publisher"; Value = "Altium Limited"; VariantName = "[No Variations]"
Added Component: Designator=K1(BTN8.5*8.5)
Add component. Clean all parameters for all variants
Added Component: Designator=R19(0603P)
Add component. Clean all parameters for all variants
Added Pin To Net: NetName=GND Pin=C19-2
Added Pin To Net: NetName=3V3 Pin=C20-1
Added Pin To Net: NetName=GND Pin=C20-2
Added Pin To Net: NetName=GND Pin=C21-1
Added Pin To Net: NetName=3V3 Pin=C21-2
Added Pin To Net: NetName=GND Pin=DS1-2
Added Pin To Net: NetName=GND Pin=U2-1
Added Pin To Net: NetName=3V3 Pin=U2-2
Added Pin To Net: NetName=3V3 Pin=U2-4
Added Pin To Net: NetName=5V Pin=C19-1
Added Pin To Net: NetName=5V Pin=K1-5
Added Pin To Net: NetName=5V Pin=R19-2
Added Pin To Net: NetName=5V Pin=U2-3
Added Net: Name=5V
Added Pin To Net: NetName=NetDS1_1 Pin=DS1-1
Added Pin To Net: NetName=NetDS1_1 Pin=R19-1
Added Net: Name=NetDS1_1
Added Pin To Net: NetName=VUSB Pin=K1-3
Added Pin To Net: NetName=VUSB Pin=USB_SLAVE-1
Added Net: Name=VUSB
Added Member To Class: ClassName=STMF4VE Member=Component C19 104
Added Member To Class: ClassName=STMF4VE Member=Component C20 220uF
Added Member To Class: ClassName=STMF4VE Member=Component C21 104
Added Member To Class: ClassName=STMF4VE Member=Component DS1 LED1
Added Member To Class: ClassName=STMF4VE Member=Component K1 BUTTON
Added Member To Class: ClassName=STMF4VE Member=Component R19 2k
