ARM GAS  C:\Users\Kero\AppData\Local\Temp\ccUvFtcM.s 			page 1


   1              		.syntax unified
   2              		.cpu cortex-m4
   3              		.eabi_attribute 27, 1
   4              		.eabi_attribute 28, 1
   5              		.fpu fpv4-sp-d16
   6              		.eabi_attribute 20, 1
   7              		.eabi_attribute 21, 1
   8              		.eabi_attribute 23, 3
   9              		.eabi_attribute 24, 1
  10              		.eabi_attribute 25, 1
  11              		.eabi_attribute 26, 1
  12              		.eabi_attribute 30, 1
  13              		.eabi_attribute 34, 1
  14              		.eabi_attribute 18, 4
  15              		.thumb
  16              		.syntax unified
  17              		.file	"main.c"
  18              		.text
  19              	.Ltext0:
  20              		.cfi_sections	.debug_frame
  21              		.section	.text.SystemClock_Config,"ax",%progbits
  22              		.align	2
  23              		.global	SystemClock_Config
  24              		.thumb
  25              		.thumb_func
  27              	SystemClock_Config:
  28              	.LFB131:
  29              		.file 1 "Src/main.c"
   1:Src/main.c    **** /* USER CODE BEGIN Header */
   2:Src/main.c    **** /**
   3:Src/main.c    ****   ******************************************************************************
   4:Src/main.c    ****   * @file           : main.c
   5:Src/main.c    ****   * @brief          : Main program body
   6:Src/main.c    ****   ******************************************************************************
   7:Src/main.c    ****   * @attention
   8:Src/main.c    ****   *
   9:Src/main.c    ****   * <h2><center>&copy; Copyright (c) 2021 STMicroelectronics.
  10:Src/main.c    ****   * All rights reserved.</center></h2>
  11:Src/main.c    ****   *
  12:Src/main.c    ****   * This software component is licensed by ST under BSD 3-Clause license,
  13:Src/main.c    ****   * the "License"; You may not use this file except in compliance with the
  14:Src/main.c    ****   * License. You may obtain a copy of the License at:
  15:Src/main.c    ****   *                        opensource.org/licenses/BSD-3-Clause
  16:Src/main.c    ****   *
  17:Src/main.c    ****   ******************************************************************************
  18:Src/main.c    ****   */
  19:Src/main.c    **** /* USER CODE END Header */
  20:Src/main.c    **** 
  21:Src/main.c    **** /* Includes ------------------------------------------------------------------*/
  22:Src/main.c    **** #include "main.h"
  23:Src/main.c    **** #include "tim.h"
  24:Src/main.c    **** #include "gpio.h"
  25:Src/main.c    **** 
  26:Src/main.c    **** /* Private includes ----------------------------------------------------------*/
  27:Src/main.c    **** /* USER CODE BEGIN Includes */
  28:Src/main.c    **** 
  29:Src/main.c    **** /* USER CODE END Includes */
ARM GAS  C:\Users\Kero\AppData\Local\Temp\ccUvFtcM.s 			page 2


  30:Src/main.c    **** 
  31:Src/main.c    **** /* Private typedef -----------------------------------------------------------*/
  32:Src/main.c    **** /* USER CODE BEGIN PTD */
  33:Src/main.c    **** 
  34:Src/main.c    **** /* USER CODE END PTD */
  35:Src/main.c    **** 
  36:Src/main.c    **** /* Private define ------------------------------------------------------------*/
  37:Src/main.c    **** /* USER CODE BEGIN PD */
  38:Src/main.c    **** 
  39:Src/main.c    **** /* USER CODE END PD */
  40:Src/main.c    **** 
  41:Src/main.c    **** /* Private macro -------------------------------------------------------------*/
  42:Src/main.c    **** /* USER CODE BEGIN PM */
  43:Src/main.c    **** 
  44:Src/main.c    **** /* USER CODE END PM */
  45:Src/main.c    **** 
  46:Src/main.c    **** /* Private variables ---------------------------------------------------------*/
  47:Src/main.c    **** 
  48:Src/main.c    **** /* USER CODE BEGIN PV */
  49:Src/main.c    **** 
  50:Src/main.c    **** /* USER CODE END PV */
  51:Src/main.c    **** 
  52:Src/main.c    **** /* Private function prototypes -----------------------------------------------*/
  53:Src/main.c    **** void SystemClock_Config(void);
  54:Src/main.c    **** /* USER CODE BEGIN PFP */
  55:Src/main.c    **** 
  56:Src/main.c    **** /* USER CODE END PFP */
  57:Src/main.c    **** 
  58:Src/main.c    **** /* Private user code ---------------------------------------------------------*/
  59:Src/main.c    **** /* USER CODE BEGIN 0 */
  60:Src/main.c    **** 
  61:Src/main.c    **** /* USER CODE END 0 */
  62:Src/main.c    **** 
  63:Src/main.c    **** /**
  64:Src/main.c    ****   * @brief  The application entry point.
  65:Src/main.c    ****   * @retval int
  66:Src/main.c    ****   */
  67:Src/main.c    **** int main(void)
  68:Src/main.c    **** {
  69:Src/main.c    ****   /* USER CODE BEGIN 1 */
  70:Src/main.c    **** 
  71:Src/main.c    ****   /* USER CODE END 1 */
  72:Src/main.c    ****   
  73:Src/main.c    **** 
  74:Src/main.c    ****   /* MCU Configuration--------------------------------------------------------*/
  75:Src/main.c    **** 
  76:Src/main.c    ****   /* Reset of all peripherals, Initializes the Flash interface and the Systick. */
  77:Src/main.c    ****   HAL_Init();
  78:Src/main.c    **** 
  79:Src/main.c    ****   /* USER CODE BEGIN Init */
  80:Src/main.c    **** 
  81:Src/main.c    ****   /* USER CODE END Init */
  82:Src/main.c    **** 
  83:Src/main.c    ****   /* Configure the system clock */
  84:Src/main.c    ****   SystemClock_Config();
  85:Src/main.c    **** 
  86:Src/main.c    ****   /* USER CODE BEGIN SysInit */
ARM GAS  C:\Users\Kero\AppData\Local\Temp\ccUvFtcM.s 			page 3


  87:Src/main.c    **** 
  88:Src/main.c    ****   /* USER CODE END SysInit */
  89:Src/main.c    **** 
  90:Src/main.c    ****   /* Initialize all configured peripherals */
  91:Src/main.c    ****   MX_GPIO_Init();
  92:Src/main.c    ****   MX_TIM3_Init();
  93:Src/main.c    ****   /* USER CODE BEGIN 2 */
  94:Src/main.c    **** 
  95:Src/main.c    ****   /* USER CODE END 2 */
  96:Src/main.c    **** 
  97:Src/main.c    ****   /* Infinite loop */
  98:Src/main.c    ****   /* USER CODE BEGIN WHILE */
  99:Src/main.c    ****   while (1)
 100:Src/main.c    ****   {
 101:Src/main.c    ****     /* USER CODE END WHILE */
 102:Src/main.c    **** 
 103:Src/main.c    ****     /* USER CODE BEGIN 3 */
 104:Src/main.c    ****   }
 105:Src/main.c    ****   /* USER CODE END 3 */
 106:Src/main.c    **** }
 107:Src/main.c    **** 
 108:Src/main.c    **** /**
 109:Src/main.c    ****   * @brief System Clock Configuration
 110:Src/main.c    ****   * @retval None
 111:Src/main.c    ****   */
 112:Src/main.c    **** void SystemClock_Config(void)
 113:Src/main.c    **** {
  30              		.loc 1 113 0
  31              		.cfi_startproc
  32              		@ args = 0, pretend = 0, frame = 80
  33              		@ frame_needed = 0, uses_anonymous_args = 0
  34 0000 30B5     		push	{r4, r5, lr}
  35              	.LCFI0:
  36              		.cfi_def_cfa_offset 12
  37              		.cfi_offset 4, -12
  38              		.cfi_offset 5, -8
  39              		.cfi_offset 14, -4
  40 0002 95B0     		sub	sp, sp, #84
  41              	.LCFI1:
  42              		.cfi_def_cfa_offset 96
 114:Src/main.c    ****   RCC_OscInitTypeDef RCC_OscInitStruct = {0};
  43              		.loc 1 114 0
  44 0004 3022     		movs	r2, #48
  45 0006 0021     		movs	r1, #0
  46 0008 08A8     		add	r0, sp, #32
  47 000a FFF7FEFF 		bl	memset
  48              	.LVL0:
 115:Src/main.c    ****   RCC_ClkInitTypeDef RCC_ClkInitStruct = {0};
  49              		.loc 1 115 0
  50 000e 0024     		movs	r4, #0
  51 0010 0394     		str	r4, [sp, #12]
  52 0012 0494     		str	r4, [sp, #16]
  53 0014 0594     		str	r4, [sp, #20]
  54 0016 0694     		str	r4, [sp, #24]
  55 0018 0794     		str	r4, [sp, #28]
  56              	.LBB2:
 116:Src/main.c    **** 
ARM GAS  C:\Users\Kero\AppData\Local\Temp\ccUvFtcM.s 			page 4


 117:Src/main.c    ****   /** Configure the main internal regulator output voltage 
 118:Src/main.c    ****   */
 119:Src/main.c    ****   __HAL_RCC_PWR_CLK_ENABLE();
  57              		.loc 1 119 0
  58 001a 0194     		str	r4, [sp, #4]
  59 001c 1B4B     		ldr	r3, .L3
  60 001e 1A6C     		ldr	r2, [r3, #64]
  61 0020 42F08052 		orr	r2, r2, #268435456
  62 0024 1A64     		str	r2, [r3, #64]
  63 0026 1B6C     		ldr	r3, [r3, #64]
  64 0028 03F08053 		and	r3, r3, #268435456
  65 002c 0193     		str	r3, [sp, #4]
  66 002e 019B     		ldr	r3, [sp, #4]
  67              	.LBE2:
  68              	.LBB3:
 120:Src/main.c    ****   __HAL_PWR_VOLTAGESCALING_CONFIG(PWR_REGULATOR_VOLTAGE_SCALE1);
  69              		.loc 1 120 0
  70 0030 0294     		str	r4, [sp, #8]
  71 0032 174B     		ldr	r3, .L3+4
  72 0034 1A68     		ldr	r2, [r3]
  73 0036 42F48042 		orr	r2, r2, #16384
  74 003a 1A60     		str	r2, [r3]
  75 003c 1B68     		ldr	r3, [r3]
  76 003e 03F48043 		and	r3, r3, #16384
  77 0042 0293     		str	r3, [sp, #8]
  78 0044 029B     		ldr	r3, [sp, #8]
  79              	.LBE3:
 121:Src/main.c    ****   /** Initializes the CPU, AHB and APB busses clocks 
 122:Src/main.c    ****   */
 123:Src/main.c    ****   RCC_OscInitStruct.OscillatorType = RCC_OSCILLATORTYPE_HSE;
  80              		.loc 1 123 0
  81 0046 0123     		movs	r3, #1
  82 0048 0893     		str	r3, [sp, #32]
 124:Src/main.c    ****   RCC_OscInitStruct.HSEState = RCC_HSE_ON;
  83              		.loc 1 124 0
  84 004a 4FF48033 		mov	r3, #65536
  85 004e 0993     		str	r3, [sp, #36]
 125:Src/main.c    ****   RCC_OscInitStruct.PLL.PLLState = RCC_PLL_ON;
  86              		.loc 1 125 0
  87 0050 0225     		movs	r5, #2
  88 0052 0E95     		str	r5, [sp, #56]
 126:Src/main.c    ****   RCC_OscInitStruct.PLL.PLLSource = RCC_PLLSOURCE_HSE;
  89              		.loc 1 126 0
  90 0054 4FF48003 		mov	r3, #4194304
  91 0058 0F93     		str	r3, [sp, #60]
 127:Src/main.c    ****   RCC_OscInitStruct.PLL.PLLM = 4;
  92              		.loc 1 127 0
  93 005a 0423     		movs	r3, #4
  94 005c 1093     		str	r3, [sp, #64]
 128:Src/main.c    ****   RCC_OscInitStruct.PLL.PLLN = 168;
  95              		.loc 1 128 0
  96 005e A822     		movs	r2, #168
  97 0060 1192     		str	r2, [sp, #68]
 129:Src/main.c    ****   RCC_OscInitStruct.PLL.PLLP = RCC_PLLP_DIV2;
  98              		.loc 1 129 0
  99 0062 1295     		str	r5, [sp, #72]
 130:Src/main.c    ****   RCC_OscInitStruct.PLL.PLLQ = 4;
ARM GAS  C:\Users\Kero\AppData\Local\Temp\ccUvFtcM.s 			page 5


 100              		.loc 1 130 0
 101 0064 1393     		str	r3, [sp, #76]
 131:Src/main.c    ****   if (HAL_RCC_OscConfig(&RCC_OscInitStruct) != HAL_OK)
 102              		.loc 1 131 0
 103 0066 08A8     		add	r0, sp, #32
 104 0068 FFF7FEFF 		bl	HAL_RCC_OscConfig
 105              	.LVL1:
 132:Src/main.c    ****   {
 133:Src/main.c    ****     Error_Handler();
 134:Src/main.c    ****   }
 135:Src/main.c    ****   /** Initializes the CPU, AHB and APB busses clocks 
 136:Src/main.c    ****   */
 137:Src/main.c    ****   RCC_ClkInitStruct.ClockType = RCC_CLOCKTYPE_HCLK|RCC_CLOCKTYPE_SYSCLK
 106              		.loc 1 137 0
 107 006c 0F23     		movs	r3, #15
 108 006e 0393     		str	r3, [sp, #12]
 138:Src/main.c    ****                               |RCC_CLOCKTYPE_PCLK1|RCC_CLOCKTYPE_PCLK2;
 139:Src/main.c    ****   RCC_ClkInitStruct.SYSCLKSource = RCC_SYSCLKSOURCE_PLLCLK;
 109              		.loc 1 139 0
 110 0070 0495     		str	r5, [sp, #16]
 140:Src/main.c    ****   RCC_ClkInitStruct.AHBCLKDivider = RCC_SYSCLK_DIV1;
 111              		.loc 1 140 0
 112 0072 0594     		str	r4, [sp, #20]
 141:Src/main.c    ****   RCC_ClkInitStruct.APB1CLKDivider = RCC_HCLK_DIV4;
 113              		.loc 1 141 0
 114 0074 4FF4A053 		mov	r3, #5120
 115 0078 0693     		str	r3, [sp, #24]
 142:Src/main.c    ****   RCC_ClkInitStruct.APB2CLKDivider = RCC_HCLK_DIV2;
 116              		.loc 1 142 0
 117 007a 4FF48053 		mov	r3, #4096
 118 007e 0793     		str	r3, [sp, #28]
 143:Src/main.c    **** 
 144:Src/main.c    ****   if (HAL_RCC_ClockConfig(&RCC_ClkInitStruct, FLASH_LATENCY_5) != HAL_OK)
 119              		.loc 1 144 0
 120 0080 0521     		movs	r1, #5
 121 0082 03A8     		add	r0, sp, #12
 122 0084 FFF7FEFF 		bl	HAL_RCC_ClockConfig
 123              	.LVL2:
 145:Src/main.c    ****   {
 146:Src/main.c    ****     Error_Handler();
 147:Src/main.c    ****   }
 148:Src/main.c    **** }
 124              		.loc 1 148 0
 125 0088 15B0     		add	sp, sp, #84
 126              	.LCFI2:
 127              		.cfi_def_cfa_offset 12
 128              		@ sp needed
 129 008a 30BD     		pop	{r4, r5, pc}
 130              	.L4:
 131              		.align	2
 132              	.L3:
 133 008c 00380240 		.word	1073887232
 134 0090 00700040 		.word	1073770496
 135              		.cfi_endproc
 136              	.LFE131:
 138              		.section	.text.main,"ax",%progbits
 139              		.align	2
ARM GAS  C:\Users\Kero\AppData\Local\Temp\ccUvFtcM.s 			page 6


 140              		.global	main
 141              		.thumb
 142              		.thumb_func
 144              	main:
 145              	.LFB130:
  68:Src/main.c    ****   /* USER CODE BEGIN 1 */
 146              		.loc 1 68 0
 147              		.cfi_startproc
 148              		@ Volatile: function does not return.
 149              		@ args = 0, pretend = 0, frame = 0
 150              		@ frame_needed = 0, uses_anonymous_args = 0
 151 0000 08B5     		push	{r3, lr}
 152              	.LCFI3:
 153              		.cfi_def_cfa_offset 8
 154              		.cfi_offset 3, -8
 155              		.cfi_offset 14, -4
  77:Src/main.c    **** 
 156              		.loc 1 77 0
 157 0002 FFF7FEFF 		bl	HAL_Init
 158              	.LVL3:
  84:Src/main.c    **** 
 159              		.loc 1 84 0
 160 0006 FFF7FEFF 		bl	SystemClock_Config
 161              	.LVL4:
  91:Src/main.c    ****   MX_TIM3_Init();
 162              		.loc 1 91 0
 163 000a FFF7FEFF 		bl	MX_GPIO_Init
 164              	.LVL5:
  92:Src/main.c    ****   /* USER CODE BEGIN 2 */
 165              		.loc 1 92 0
 166 000e FFF7FEFF 		bl	MX_TIM3_Init
 167              	.LVL6:
 168              	.L6:
 169 0012 FEE7     		b	.L6
 170              		.cfi_endproc
 171              	.LFE130:
 173              		.section	.text.Error_Handler,"ax",%progbits
 174              		.align	2
 175              		.global	Error_Handler
 176              		.thumb
 177              		.thumb_func
 179              	Error_Handler:
 180              	.LFB132:
 149:Src/main.c    **** 
 150:Src/main.c    **** /* USER CODE BEGIN 4 */
 151:Src/main.c    **** 
 152:Src/main.c    **** /* USER CODE END 4 */
 153:Src/main.c    **** 
 154:Src/main.c    **** /**
 155:Src/main.c    ****   * @brief  This function is executed in case of error occurrence.
 156:Src/main.c    ****   * @retval None
 157:Src/main.c    ****   */
 158:Src/main.c    **** void Error_Handler(void)
 159:Src/main.c    **** {
 181              		.loc 1 159 0
 182              		.cfi_startproc
 183              		@ args = 0, pretend = 0, frame = 0
ARM GAS  C:\Users\Kero\AppData\Local\Temp\ccUvFtcM.s 			page 7


 184              		@ frame_needed = 0, uses_anonymous_args = 0
 185              		@ link register save eliminated.
 186 0000 7047     		bx	lr
 187              		.cfi_endproc
 188              	.LFE132:
 190 0002 00BF     		.text
 191              	.Letext0:
 192              		.file 2 "c:\\program files (x86)\\gnu tools arm embedded\\5.4 2016q3\\arm-none-eabi\\include\\mach
 193              		.file 3 "c:\\program files (x86)\\gnu tools arm embedded\\5.4 2016q3\\arm-none-eabi\\include\\sys\
 194              		.file 4 "Drivers/CMSIS/Device/ST/STM32F4xx/Include/stm32f407xx.h"
 195              		.file 5 "Drivers/STM32F4xx_HAL_Driver/Inc/stm32f4xx_hal_rcc_ex.h"
 196              		.file 6 "Drivers/STM32F4xx_HAL_Driver/Inc/stm32f4xx_hal_rcc.h"
 197              		.file 7 "Drivers/STM32F4xx_HAL_Driver/Inc/stm32f4xx_hal.h"
 198              		.file 8 "Inc/gpio.h"
 199              		.file 9 "Inc/tim.h"
 200              		.file 10 "Drivers/STM32F4xx_HAL_Driver/Inc/stm32f4xx_hal_def.h"
 201              		.file 11 "Drivers/CMSIS/Include/core_cm4.h"
ARM GAS  C:\Users\Kero\AppData\Local\Temp\ccUvFtcM.s 			page 8


DEFINED SYMBOLS
                            *ABS*:00000000 main.c
C:\Users\Kero\AppData\Local\Temp\ccUvFtcM.s:22     .text.SystemClock_Config:00000000 $t
C:\Users\Kero\AppData\Local\Temp\ccUvFtcM.s:27     .text.SystemClock_Config:00000000 SystemClock_Config
C:\Users\Kero\AppData\Local\Temp\ccUvFtcM.s:133    .text.SystemClock_Config:0000008c $d
C:\Users\Kero\AppData\Local\Temp\ccUvFtcM.s:139    .text.main:00000000 $t
C:\Users\Kero\AppData\Local\Temp\ccUvFtcM.s:144    .text.main:00000000 main
C:\Users\Kero\AppData\Local\Temp\ccUvFtcM.s:174    .text.Error_Handler:00000000 $t
C:\Users\Kero\AppData\Local\Temp\ccUvFtcM.s:179    .text.Error_Handler:00000000 Error_Handler
                     .debug_frame:00000010 $d

UNDEFINED SYMBOLS
memset
HAL_RCC_OscConfig
HAL_RCC_ClockConfig
HAL_Init
MX_GPIO_Init
MX_TIM3_Init
